<?xml version="1.0" encoding="UTF-8"?>
<!-- Generated by org.testng.reporters.JUnitXMLReporter -->
<testsuite ignored="0" hostname="Craigs-MBP-2.lan" failures="0" tests="14" name="Command line test" time="143.007" errors="0" timestamp="04 Aug 2020 23:54:02 GMT">
  <testcase classname="com.saucedemo.LoginFeatureTest" name="shouldBeAbleToLogin3" time="4.571"/>
  <testcase classname="com.saucedemo.CheckoutFeatureTest" name="shouldBeAbleToCheckoutWithItems" time="3.05"/>
  <testcase classname="com.saucedemo.LoginFeatureTest" name="cantLoginWithLockedOutUser2" time="3.724"/>
  <testcase classname="com.saucedemo.LoginFeatureTest" name="doesntLoginWithBadUser3" time="2.739"/>
  <testcase classname="com.saucedemo.LoginFeatureTest" name="cantLoginWithLockedOutUser" time="4.206"/>
  <testcase classname="com.saucedemo.CheckoutFeatureTest" name="shouldBeAbleToCheckoutWithItems5" time="10.252"/>
  <testcase classname="com.saucedemo.LoginFeatureTest" name="shouldBeAbleToLogin" time="11.536"/>
  <testcase classname="com.saucedemo.CheckoutFeatureTest" name="shouldBeAbleToCheckoutWithItems3" time="10.076"/>
  <testcase classname="com.saucedemo.LoginFeatureTest" name="doesntLoginWithBadUser2" time="10.332"/>
  <testcase classname="com.saucedemo.LoginFeatureTest" name="shouldBeAbleToLogin2" time="12.42"/>
  <testcase classname="com.saucedemo.LoginFeatureTest" name="doesntLoginWithBadUser" time="12.421"/>
  <testcase classname="com.saucedemo.CheckoutFeatureTest" name="shouldBeAbleToCheckoutWithItems4" time="9.552"/>
  <testcase classname="com.saucedemo.LoginFeatureTest" name="cantLoginWithLockedOutUser3" time="12.175"/>
  <testcase classname="com.saucedemo.CheckoutFeatureTest" name="shouldBeAbleToCheckoutWithItems2" time="9.967"/>
</testsuite> <!-- Command line test -->
