<?xml version="1.0" encoding="UTF-8" ?>
<testsuite tests="14" failures="0" name="TestSuite" time="114.25" errors="0" skipped="0">
  <properties>
[...]
</properties>
  <testcase classname="com.saucedemo.LoginFeatureTest" name="shouldBeAbleToLogin3" time="4.573"/>
  <testcase classname="com.saucedemo.CheckoutFeatureTest" name="shouldBeAbleToCheckoutWithItems" time="3.05"/>
  <testcase classname="com.saucedemo.LoginFeatureTest" name="cantLoginWithLockedOutUser2" time="3.725"/>
  <testcase classname="com.saucedemo.LoginFeatureTest" name="doesntLoginWithBadUser3" time="2.445"/>
  <testcase classname="com.saucedemo.LoginFeatureTest" name="cantLoginWithLockedOutUser" time="4.205"/>
  <testcase classname="com.saucedemo.CheckoutFeatureTest" name="shouldBeAbleToCheckoutWithItems5" time="10.252"/>
  <testcase classname="com.saucedemo.LoginFeatureTest" name="shouldBeAbleToLogin" time="10.353"/>
  <testcase classname="com.saucedemo.CheckoutFeatureTest" name="shouldBeAbleToCheckoutWithItems3" time="10.076"/>
  <testcase classname="com.saucedemo.LoginFeatureTest" name="doesntLoginWithBadUser2" time="10.076"/>
  <testcase classname="com.saucedemo.LoginFeatureTest" name="shouldBeAbleToLogin2" time="11.411"/>
  <testcase classname="com.saucedemo.LoginFeatureTest" name="doesntLoginWithBadUser" time="12.42"/>
  <testcase classname="com.saucedemo.CheckoutFeatureTest" name="shouldBeAbleToCheckoutWithItems4" time="9.553"/>
  <testcase classname="com.saucedemo.LoginFeatureTest" name="cantLoginWithLockedOutUser3" time="12.144"/>
  <testcase classname="com.saucedemo.CheckoutFeatureTest" name="shouldBeAbleToCheckoutWithItems2" time="9.967"/>
</testsuite>